TN:
SF:./src/client/app/app.module.js
FN:5,(anonymous_1)
FN:17,configRoutes
FNF:2
FNH:1
FNDA:1,(anonymous_1)
FNDA:0,configRoutes
DA:5,1
DA:8,1
DA:17,1
DA:18,0
DA:20,0
LF:5
LH:3
BRF:0
BRH:0
end_of_record
TN:
SF:./src/client/app/core/core.module.js
FN:1,(anonymous_1)
FNF:1
FNH:1
FNDA:1,(anonymous_1)
DA:1,1
DA:4,1
LF:2
LH:2
BRF:0
BRH:0
end_of_record
TN:
SF:./src/client/app/task/task.module.js
FN:5,(anonymous_1)
FNF:1
FNH:1
FNDA:1,(anonymous_1)
DA:5,1
DA:8,1
LF:2
LH:2
BRF:0
BRH:0
end_of_record
TN:
SF:./src/client/app/todos/todos.module.js
FN:5,(anonymous_1)
FNF:1
FNH:1
FNDA:1,(anonymous_1)
DA:5,1
DA:8,1
LF:2
LH:2
BRF:0
BRH:0
end_of_record
TN:
SF:./src/client/app/task/task.js
FN:5,(anonymous_1)
FN:14,Task
FN:17,(anonymous_3)
FNF:3
FNH:1
FNDA:1,(anonymous_1)
FNDA:0,Task
FNDA:0,(anonymous_3)
DA:5,1
DA:8,1
DA:14,1
DA:15,0
DA:17,0
DA:18,0
LF:6
LH:3
BRF:0
BRH:0
end_of_record
TN:
SF:./src/client/app/task/task.route.js
FN:5,(anonymous_1)
FN:11,configRoutes
FNF:2
FNH:1
FNDA:1,(anonymous_1)
FNDA:0,configRoutes
DA:5,1
DA:8,1
DA:11,1
DA:13,0
LF:4
LH:3
BRF:0
BRH:0
end_of_record
TN:
SF:./src/client/app/todos/todos.js
FN:5,(anonymous_1)
FN:14,Todos
FNF:2
FNH:1
FNDA:1,(anonymous_1)
FNDA:0,Todos
DA:5,1
DA:8,1
DA:14,1
DA:15,0
DA:16,0
LF:5
LH:3
BRF:0
BRH:0
end_of_record
TN:
SF:./src/client/app/todos/todos.route.js
FN:5,(anonymous_1)
FN:12,configRoutes
FNF:2
FNH:1
FNDA:1,(anonymous_1)
FNDA:0,configRoutes
DA:5,1
DA:8,1
DA:12,1
DA:13,0
LF:4
LH:3
BRF:0
BRH:0
end_of_record
